{"contracts\\ApproveAndCallFallBack.sol":{"l":{},"path":"D:/GitProjectsRoot/ProjectSolidity/truffle/project/contracts/ApproveAndCallFallBack.sol","s":{},"b":{},"f":{},"fnMap":{},"statementMap":{},"branchMap":{}},"contracts\\ERC20Interface.sol":{"l":{},"path":"D:/GitProjectsRoot/ProjectSolidity/truffle/project/contracts/ERC20Interface.sol","s":{},"b":{},"f":{},"fnMap":{},"statementMap":{},"branchMap":{}},"contracts\\LibSkinCareMarketplace.sol":{"l":{"40":45,"44":16,"45":16,"46":16,"47":16,"51":3,"52":3,"53":3,"57":6,"58":6,"59":6,"63":8,"64":8,"65":8,"66":8,"67":8,"71":20,"73":20,"75":20,"76":20,"77":20,"81":1,"85":6,"86":6,"87":6,"91":14,"93":14,"95":14,"96":14,"97":14,"99":14,"103":1,"105":1,"106":1,"107":1,"111":1,"115":4,"116":4,"117":4,"118":4,"122":1,"123":1,"124":1,"128":7,"130":7,"132":7,"133":7,"137":1,"138":1,"139":1,"143":7,"144":7,"146":7,"147":7,"149":6,"150":6,"152":6,"154":6},"path":"D:/GitProjectsRoot/ProjectSolidity/truffle/project/contracts/LibSkinCareMarketplace.sol","s":{"1":45,"2":16,"3":16,"4":16,"5":16,"6":3,"7":3,"8":3,"9":6,"10":6,"11":6,"12":8,"13":8,"14":8,"15":8,"16":8,"17":20,"18":20,"19":20,"20":20,"21":1,"22":6,"23":6,"24":6,"25":14,"26":14,"27":14,"28":14,"29":14,"30":1,"31":1,"32":1,"33":1,"34":4,"35":4,"36":4,"37":4,"38":1,"39":1,"40":1,"41":7,"42":7,"43":7,"44":7,"45":1,"46":1,"47":1,"48":7,"49":7,"50":7,"51":7,"52":6,"53":6,"54":6,"55":6},"b":{"1":[16,0],"2":[3,0],"3":[6,0],"4":[8,0],"5":[8,0],"6":[20,0],"7":[6,0],"8":[14,0],"9":[4,0],"10":[1,0],"11":[7,0],"12":[1,0],"13":[7,0],"14":[6,1],"15":[6,0]},"f":{"1":45,"2":16,"3":3,"4":6,"5":8,"6":20,"7":1,"8":6,"9":14,"10":1,"11":1,"12":4,"13":1,"14":7,"15":1,"16":7},"fnMap":{"1":{"name":"getSellerId","line":39,"loc":{"start":{"line":39,"column":4},"end":{"line":39,"column":94}}},"2":{"name":"getSellerByAddress","line":43,"loc":{"start":{"line":43,"column":4},"end":{"line":43,"column":109}}},"3":{"name":"getSellerById","line":50,"loc":{"start":{"line":50,"column":4},"end":{"line":50,"column":122}}},"4":{"name":"getSellerIdByItemId","line":56,"loc":{"start":{"line":56,"column":4},"end":{"line":56,"column":118}}},"5":{"name":"getSellerAddressByItemId","line":62,"loc":{"start":{"line":62,"column":4},"end":{"line":62,"column":123}}},"6":{"name":"addSeller","line":70,"loc":{"start":{"line":70,"column":4},"end":{"line":70,"column":99}}},"7":{"name":"updateSeller","line":80,"loc":{"start":{"line":80,"column":4},"end":{"line":80,"column":86}}},"8":{"name":"getItem","line":84,"loc":{"start":{"line":84,"column":4},"end":{"line":84,"column":115}}},"9":{"name":"addItem","line":90,"loc":{"start":{"line":90,"column":4},"end":{"line":90,"column":125}}},"10":{"name":"updateItem","line":102,"loc":{"start":{"line":102,"column":4},"end":{"line":102,"column":127}}},"11":{"name":"getBuyerId","line":110,"loc":{"start":{"line":110,"column":4},"end":{"line":110,"column":93}}},"12":{"name":"getBuyerByAddress","line":114,"loc":{"start":{"line":114,"column":4},"end":{"line":114,"column":108}}},"13":{"name":"getBuyerById","line":121,"loc":{"start":{"line":121,"column":4},"end":{"line":121,"column":120}}},"14":{"name":"registerBuyer","line":127,"loc":{"start":{"line":127,"column":4},"end":{"line":127,"column":120}}},"15":{"name":"updateBuyer","line":136,"loc":{"start":{"line":136,"column":4},"end":{"line":136,"column":85}}},"16":{"name":"buy","line":142,"loc":{"start":{"line":142,"column":4},"end":{"line":142,"column":107}}}},"statementMap":{"1":{"start":{"line":40,"column":8},"end":{"line":40,"column":58}},"2":{"start":{"line":44,"column":8},"end":{"line":44,"column":54}},"3":{"start":{"line":45,"column":8},"end":{"line":45,"column":64}},"4":{"start":{"line":46,"column":8},"end":{"line":46,"column":28}},"5":{"start":{"line":47,"column":8},"end":{"line":47,"column":38}},"6":{"start":{"line":51,"column":8},"end":{"line":51,"column":64}},"7":{"start":{"line":52,"column":8},"end":{"line":52,"column":28}},"8":{"start":{"line":53,"column":8},"end":{"line":53,"column":41}},"9":{"start":{"line":57,"column":8},"end":{"line":57,"column":56}},"10":{"start":{"line":58,"column":8},"end":{"line":58,"column":26}},"11":{"start":{"line":59,"column":8},"end":{"line":59,"column":28}},"12":{"start":{"line":63,"column":8},"end":{"line":63,"column":56}},"13":{"start":{"line":64,"column":8},"end":{"line":64,"column":26}},"14":{"start":{"line":65,"column":8},"end":{"line":65,"column":69}},"15":{"start":{"line":66,"column":8},"end":{"line":66,"column":28}},"16":{"start":{"line":67,"column":8},"end":{"line":67,"column":26}},"17":{"start":{"line":71,"column":8},"end":{"line":71,"column":103}},"18":{"start":{"line":73,"column":8},"end":{"line":73,"column":56}},"19":{"start":{"line":75,"column":8},"end":{"line":75,"column":119}},"20":{"start":{"line":76,"column":8},"end":{"line":76,"column":57}},"21":{"start":{"line":81,"column":8},"end":{"line":81,"column":87}},"22":{"start":{"line":85,"column":8},"end":{"line":85,"column":56}},"23":{"start":{"line":86,"column":8},"end":{"line":86,"column":26}},"24":{"start":{"line":87,"column":8},"end":{"line":87,"column":53}},"25":{"start":{"line":91,"column":8},"end":{"line":91,"column":101}},"26":{"start":{"line":93,"column":8},"end":{"line":93,"column":52}},"27":{"start":{"line":95,"column":8},"end":{"line":95,"column":54}},"28":{"start":{"line":96,"column":8},"end":{"line":96,"column":129}},"29":{"start":{"line":99,"column":8},"end":{"line":99,"column":21}},"30":{"start":{"line":103,"column":8},"end":{"line":103,"column":56}},"31":{"start":{"line":105,"column":8},"end":{"line":105,"column":23}},"32":{"start":{"line":106,"column":8},"end":{"line":106,"column":25}},"33":{"start":{"line":107,"column":8},"end":{"line":107,"column":31}},"34":{"start":{"line":115,"column":8},"end":{"line":115,"column":67}},"35":{"start":{"line":116,"column":8},"end":{"line":116,"column":60}},"36":{"start":{"line":117,"column":8},"end":{"line":117,"column":27}},"37":{"start":{"line":118,"column":8},"end":{"line":118,"column":36}},"38":{"start":{"line":122,"column":8},"end":{"line":122,"column":60}},"39":{"start":{"line":123,"column":8},"end":{"line":123,"column":27}},"40":{"start":{"line":124,"column":8},"end":{"line":124,"column":39}},"41":{"start":{"line":128,"column":8},"end":{"line":128,"column":98}},"42":{"start":{"line":130,"column":8},"end":{"line":130,"column":54}},"43":{"start":{"line":132,"column":8},"end":{"line":132,"column":90}},"44":{"start":{"line":133,"column":8},"end":{"line":133,"column":55}},"45":{"start":{"line":137,"column":8},"end":{"line":137,"column":95}},"46":{"start":{"line":138,"column":8},"end":{"line":138,"column":27}},"47":{"start":{"line":139,"column":8},"end":{"line":139,"column":24}},"48":{"start":{"line":143,"column":8},"end":{"line":143,"column":56}},"49":{"start":{"line":144,"column":8},"end":{"line":144,"column":26}},"50":{"start":{"line":146,"column":8},"end":{"line":146,"column":45}},"51":{"start":{"line":147,"column":8},"end":{"line":147,"column":56}},"52":{"start":{"line":149,"column":8},"end":{"line":149,"column":69}},"53":{"start":{"line":150,"column":8},"end":{"line":150,"column":28}},"54":{"start":{"line":152,"column":8},"end":{"line":152,"column":50}},"55":{"start":{"line":154,"column":8},"end":{"line":154,"column":23}}},"branchMap":{"1":{"line":46,"type":"if","locations":[{"start":{"line":46,"column":8},"end":{"line":46,"column":8}},{"start":{"line":46,"column":8},"end":{"line":46,"column":8}}]},"2":{"line":52,"type":"if","locations":[{"start":{"line":52,"column":8},"end":{"line":52,"column":8}},{"start":{"line":52,"column":8},"end":{"line":52,"column":8}}]},"3":{"line":58,"type":"if","locations":[{"start":{"line":58,"column":8},"end":{"line":58,"column":8}},{"start":{"line":58,"column":8},"end":{"line":58,"column":8}}]},"4":{"line":64,"type":"if","locations":[{"start":{"line":64,"column":8},"end":{"line":64,"column":8}},{"start":{"line":64,"column":8},"end":{"line":64,"column":8}}]},"5":{"line":66,"type":"if","locations":[{"start":{"line":66,"column":8},"end":{"line":66,"column":8}},{"start":{"line":66,"column":8},"end":{"line":66,"column":8}}]},"6":{"line":73,"type":"if","locations":[{"start":{"line":73,"column":8},"end":{"line":73,"column":8}},{"start":{"line":73,"column":8},"end":{"line":73,"column":8}}]},"7":{"line":86,"type":"if","locations":[{"start":{"line":86,"column":8},"end":{"line":86,"column":8}},{"start":{"line":86,"column":8},"end":{"line":86,"column":8}}]},"8":{"line":93,"type":"if","locations":[{"start":{"line":93,"column":8},"end":{"line":93,"column":8}},{"start":{"line":93,"column":8},"end":{"line":93,"column":8}}]},"9":{"line":117,"type":"if","locations":[{"start":{"line":117,"column":8},"end":{"line":117,"column":8}},{"start":{"line":117,"column":8},"end":{"line":117,"column":8}}]},"10":{"line":123,"type":"if","locations":[{"start":{"line":123,"column":8},"end":{"line":123,"column":8}},{"start":{"line":123,"column":8},"end":{"line":123,"column":8}}]},"11":{"line":130,"type":"if","locations":[{"start":{"line":130,"column":8},"end":{"line":130,"column":8}},{"start":{"line":130,"column":8},"end":{"line":130,"column":8}}]},"12":{"line":138,"type":"if","locations":[{"start":{"line":138,"column":8},"end":{"line":138,"column":8}},{"start":{"line":138,"column":8},"end":{"line":138,"column":8}}]},"13":{"line":144,"type":"if","locations":[{"start":{"line":144,"column":8},"end":{"line":144,"column":8}},{"start":{"line":144,"column":8},"end":{"line":144,"column":8}}]},"14":{"line":147,"type":"if","locations":[{"start":{"line":147,"column":8},"end":{"line":147,"column":8}},{"start":{"line":147,"column":8},"end":{"line":147,"column":8}}]},"15":{"line":150,"type":"if","locations":[{"start":{"line":150,"column":8},"end":{"line":150,"column":8}},{"start":{"line":150,"column":8},"end":{"line":150,"column":8}}]}}},"contracts\\Ownable.sol":{"l":{"9":88,"13":15,"14":10,"18":1,"19":1,"20":1},"path":"D:/GitProjectsRoot/ProjectSolidity/truffle/project/contracts/Ownable.sol","s":{"1":88,"2":15,"3":1,"4":1,"5":1},"b":{"1":[10,5],"2":[1,0]},"f":{"1":88,"2":15,"3":1},"fnMap":{"1":{"name":null,"line":8,"loc":{"start":{"line":8,"column":4},"end":{"line":8,"column":22}}},"2":{"name":"onlyOwner","line":12,"loc":{"start":{"line":12,"column":4},"end":{"line":12,"column":22}}},"3":{"name":"transferOwnership","line":17,"loc":{"start":{"line":17,"column":4},"end":{"line":17,"column":63}}}},"statementMap":{"1":{"start":{"line":9,"column":8},"end":{"line":9,"column":25}},"2":{"start":{"line":13,"column":8},"end":{"line":13,"column":35}},"3":{"start":{"line":18,"column":8},"end":{"line":18,"column":38}},"4":{"start":{"line":19,"column":8},"end":{"line":19,"column":50}},"5":{"start":{"line":20,"column":8},"end":{"line":20,"column":23}}},"branchMap":{"1":{"line":13,"type":"if","locations":[{"start":{"line":13,"column":8},"end":{"line":13,"column":8}},{"start":{"line":13,"column":8},"end":{"line":13,"column":8}}]},"2":{"line":18,"type":"if","locations":[{"start":{"line":18,"column":8},"end":{"line":18,"column":8}},{"start":{"line":18,"column":8},"end":{"line":18,"column":8}}]}}},"contracts\\SafeMath.sol":{"l":{"6":53,"7":1,"9":52,"10":52,"11":52,"15":15,"16":15,"20":113,"21":111,"25":105,"26":105,"27":105,"31":46,"32":1,"34":45,"35":1,"37":44,"38":44,"39":44,"43":28,"45":28,"46":28,"47":114,"49":28,"53":9,"54":9,"55":288,"57":9},"path":"D:/GitProjectsRoot/ProjectSolidity/truffle/project/contracts/SafeMath.sol","s":{"1":53,"2":1,"3":52,"4":52,"5":52,"6":15,"7":15,"8":113,"9":111,"10":105,"11":105,"12":105,"13":46,"14":1,"15":45,"16":1,"17":44,"18":44,"19":44,"20":28,"21":28,"22":28,"23":114,"24":28,"25":9,"26":288,"27":9},"b":{"1":[1,52],"2":[52,0],"3":[111,2],"4":[105,0],"5":[1,45],"6":[1,44],"7":[44,0],"8":[28,0]},"f":{"1":53,"2":15,"3":113,"4":105,"5":46,"6":28,"7":9},"fnMap":{"1":{"name":"mul","line":5,"loc":{"start":{"line":5,"column":4},"end":{"line":5,"column":68}}},"2":{"name":"div","line":14,"loc":{"start":{"line":14,"column":4},"end":{"line":14,"column":68}}},"3":{"name":"sub","line":19,"loc":{"start":{"line":19,"column":4},"end":{"line":19,"column":68}}},"4":{"name":"add","line":24,"loc":{"start":{"line":24,"column":4},"end":{"line":24,"column":68}}},"5":{"name":"pow","line":30,"loc":{"start":{"line":30,"column":4},"end":{"line":30,"column":68}}},"6":{"name":"bytesToBytes","line":42,"loc":{"start":{"line":42,"column":4},"end":{"line":42,"column":88}}},"7":{"name":"bytesToBytes32","line":52,"loc":{"start":{"line":52,"column":4},"end":{"line":52,"column":79}}}},"statementMap":{"1":{"start":{"line":6,"column":8},"end":{"line":6,"column":141}},"2":{"start":{"line":7,"column":10},"end":{"line":7,"column":18}},"3":{"start":{"line":9,"column":8},"end":{"line":9,"column":24}},"4":{"start":{"line":10,"column":8},"end":{"line":10,"column":25}},"5":{"start":{"line":11,"column":8},"end":{"line":11,"column":16}},"6":{"start":{"line":15,"column":8},"end":{"line":15,"column":24}},"7":{"start":{"line":16,"column":8},"end":{"line":16,"column":16}},"8":{"start":{"line":20,"column":8},"end":{"line":20,"column":21}},"9":{"start":{"line":21,"column":8},"end":{"line":21,"column":20}},"10":{"start":{"line":25,"column":8},"end":{"line":25,"column":24}},"11":{"start":{"line":26,"column":8},"end":{"line":26,"column":21}},"12":{"start":{"line":27,"column":8},"end":{"line":27,"column":16}},"13":{"start":{"line":31,"column":8},"end":{"line":31,"column":783}},"14":{"start":{"line":32,"column":12},"end":{"line":32,"column":20}},"15":{"start":{"line":34,"column":8},"end":{"line":34,"column":841}},"16":{"start":{"line":35,"column":12},"end":{"line":35,"column":20}},"17":{"start":{"line":37,"column":8},"end":{"line":37,"column":23}},"18":{"start":{"line":38,"column":8},"end":{"line":38,"column":21}},"19":{"start":{"line":39,"column":8},"end":{"line":39,"column":16}},"20":{"start":{"line":43,"column":8},"end":{"line":43,"column":46}},"21":{"start":{"line":45,"column":8},"end":{"line":45,"column":43}},"22":{"start":{"line":46,"column":8},"end":{"line":46,"column":1183}},"23":{"start":{"line":47,"column":12},"end":{"line":47,"column":31}},"24":{"start":{"line":49,"column":8},"end":{"line":49,"column":18}},"25":{"start":{"line":54,"column":8},"end":{"line":54,"column":1415}},"26":{"start":{"line":55,"column":12},"end":{"line":55,"column":54}},"27":{"start":{"line":57,"column":8},"end":{"line":57,"column":18}}},"branchMap":{"1":{"line":6,"type":"if","locations":[{"start":{"line":6,"column":8},"end":{"line":6,"column":8}},{"start":{"line":6,"column":8},"end":{"line":6,"column":8}}]},"2":{"line":10,"type":"if","locations":[{"start":{"line":10,"column":8},"end":{"line":10,"column":8}},{"start":{"line":10,"column":8},"end":{"line":10,"column":8}}]},"3":{"line":20,"type":"if","locations":[{"start":{"line":20,"column":8},"end":{"line":20,"column":8}},{"start":{"line":20,"column":8},"end":{"line":20,"column":8}}]},"4":{"line":26,"type":"if","locations":[{"start":{"line":26,"column":8},"end":{"line":26,"column":8}},{"start":{"line":26,"column":8},"end":{"line":26,"column":8}}]},"5":{"line":31,"type":"if","locations":[{"start":{"line":31,"column":8},"end":{"line":31,"column":8}},{"start":{"line":31,"column":8},"end":{"line":31,"column":8}}]},"6":{"line":34,"type":"if","locations":[{"start":{"line":34,"column":8},"end":{"line":34,"column":8}},{"start":{"line":34,"column":8},"end":{"line":34,"column":8}}]},"7":{"line":38,"type":"if","locations":[{"start":{"line":38,"column":8},"end":{"line":38,"column":8}},{"start":{"line":38,"column":8},"end":{"line":38,"column":8}}]},"8":{"line":43,"type":"if","locations":[{"start":{"line":43,"column":8},"end":{"line":43,"column":8}},{"start":{"line":43,"column":8},"end":{"line":43,"column":8}}]}}},"contracts\\SafeMathTest.sol":{"l":{"9":1,"11":1,"12":1,"14":1,"15":1},"path":"D:/GitProjectsRoot/ProjectSolidity/truffle/project/contracts/SafeMathTest.sol","s":{"1":1,"2":1,"3":1,"4":1,"5":1},"b":{"1":[1,0],"2":[1,0],"3":[1,0]},"f":{"1":1},"fnMap":{"1":{"name":"testSafeMath","line":8,"loc":{"start":{"line":8,"column":4},"end":{"line":8,"column":37}}}},"statementMap":{"1":{"start":{"line":9,"column":8},"end":{"line":9,"column":17}},"2":{"start":{"line":11,"column":8},"end":{"line":11,"column":28}},"3":{"start":{"line":12,"column":8},"end":{"line":12,"column":28}},"4":{"start":{"line":14,"column":8},"end":{"line":14,"column":13}},"5":{"start":{"line":15,"column":8},"end":{"line":15,"column":27}}},"branchMap":{"1":{"line":11,"type":"if","locations":[{"start":{"line":11,"column":8},"end":{"line":11,"column":8}},{"start":{"line":11,"column":8},"end":{"line":11,"column":8}}]},"2":{"line":12,"type":"if","locations":[{"start":{"line":12,"column":8},"end":{"line":12,"column":8}},{"start":{"line":12,"column":8},"end":{"line":12,"column":8}}]},"3":{"line":15,"type":"if","locations":[{"start":{"line":15,"column":8},"end":{"line":15,"column":8}},{"start":{"line":15,"column":8},"end":{"line":15,"column":8}}]}}},"contracts\\SkinCareMarketplace.sol":{"l":{"29":21,"30":20,"34":17,"35":15,"39":7,"40":7,"44":10,"45":9,"49":3,"50":1,"54":32,"55":32,"62":1,"66":44,"67":44,"71":20,"72":20,"73":20,"77":1,"78":1,"82":16,"86":3,"90":4,"94":14,"95":14,"99":1,"100":1,"104":6,"108":13,"112":4,"116":1,"120":1,"121":1,"125":7,"126":7,"127":7,"131":8,"133":7,"134":6,"136":6,"140":32,"142":31,"143":21,"144":21,"146":7,"147":7,"149":2,"150":2,"152":1,"157":1,"161":2,"165":4,"166":3,"170":20,"174":8,"176":8,"177":7,"181":2,"185":1,"186":1},"path":"D:/GitProjectsRoot/ProjectSolidity/truffle/project/contracts/SkinCareMarketplace.sol","s":{"1":21,"2":17,"3":7,"4":10,"5":3,"6":32,"7":1,"8":44,"9":44,"10":20,"11":20,"12":1,"13":16,"14":3,"15":4,"16":14,"17":14,"18":1,"19":6,"20":13,"21":4,"22":1,"23":1,"24":7,"25":7,"26":7,"27":8,"28":7,"29":6,"30":6,"31":32,"32":31,"33":21,"34":21,"35":10,"36":7,"37":7,"38":3,"39":2,"40":2,"41":1,"42":1,"43":2,"44":4,"45":3,"46":20,"47":8,"48":8,"49":7,"50":2,"51":1,"52":1},"b":{"1":[20,1],"2":[15,2],"3":[7,0],"4":[9,1],"5":[1,2],"6":[32,0],"7":[31,1],"8":[21,10],"9":[21,0],"10":[7,3],"11":[7,0],"12":[2,1],"13":[2,0]},"f":{"1":21,"2":17,"3":7,"4":10,"5":3,"6":32,"7":1,"8":44,"9":20,"10":1,"11":16,"12":3,"13":4,"14":14,"15":1,"16":6,"17":13,"18":4,"19":1,"20":1,"21":7,"22":8,"23":32,"24":1,"25":2,"26":4,"27":20,"28":8,"29":2,"30":1},"fnMap":{"1":{"name":"onlyNewSeller","line":28,"loc":{"start":{"line":28,"column":4},"end":{"line":28,"column":40}}},"2":{"name":"onlyExistingSeller","line":33,"loc":{"start":{"line":33,"column":4},"end":{"line":33,"column":31}}},"3":{"name":"onlyNewBuyer","line":38,"loc":{"start":{"line":38,"column":4},"end":{"line":38,"column":25}}},"4":{"name":"onlyExistingBuyer","line":43,"loc":{"start":{"line":43,"column":4},"end":{"line":43,"column":44}}},"5":{"name":"onlyExistingItem","line":48,"loc":{"start":{"line":48,"column":4},"end":{"line":48,"column":43}}},"6":{"name":"onlyToken","line":53,"loc":{"start":{"line":53,"column":4},"end":{"line":53,"column":43}}},"7":{"name":null,"line":61,"loc":{"start":{"line":61,"column":4},"end":{"line":61,"column":28}}},"8":{"name":null,"line":65,"loc":{"start":{"line":65,"column":4},"end":{"line":65,"column":43}}},"9":{"name":"addSeller","line":70,"loc":{"start":{"line":70,"column":4},"end":{"line":70,"column":80}}},"10":{"name":"updateSeller","line":76,"loc":{"start":{"line":76,"column":4},"end":{"line":76,"column":62}}},"11":{"name":"getSellerByAddress","line":81,"loc":{"start":{"line":81,"column":4},"end":{"line":81,"column":68}}},"12":{"name":"getSellerById","line":85,"loc":{"start":{"line":85,"column":4},"end":{"line":85,"column":79}}},"13":{"name":"getSellers","line":89,"loc":{"start":{"line":89,"column":4},"end":{"line":89,"column":54}}},"14":{"name":"addItem","line":93,"loc":{"start":{"line":93,"column":4},"end":{"line":93,"column":84}}},"15":{"name":"updateItem","line":98,"loc":{"start":{"line":98,"column":4},"end":{"line":98,"column":109}}},"16":{"name":"getItem","line":103,"loc":{"start":{"line":103,"column":4},"end":{"line":103,"column":72}}},"17":{"name":"getItems","line":107,"loc":{"start":{"line":107,"column":4},"end":{"line":107,"column":68}}},"18":{"name":"getBuyerByAddress","line":111,"loc":{"start":{"line":111,"column":4},"end":{"line":111,"column":67}}},"19":{"name":"getBuyer","line":115,"loc":{"start":{"line":115,"column":4},"end":{"line":115,"column":73}}},"20":{"name":"updateBuyer","line":119,"loc":{"start":{"line":119,"column":4},"end":{"line":119,"column":72}}},"21":{"name":"registerAndBuy","line":124,"loc":{"start":{"line":124,"column":4},"end":{"line":124,"column":105}}},"22":{"name":"buy","line":130,"loc":{"start":{"line":130,"column":4},"end":{"line":130,"column":94}}},"23":{"name":"receiveApproval","line":139,"loc":{"start":{"line":139,"column":4},"end":{"line":139,"column":124}}},"24":{"name":"setTokenAddress","line":156,"loc":{"start":{"line":156,"column":4},"end":{"line":156,"column":66}}},"25":{"name":"getTokenAddress","line":160,"loc":{"start":{"line":160,"column":4},"end":{"line":160,"column":57}}},"26":{"name":"transferTokens","line":164,"loc":{"start":{"line":164,"column":4},"end":{"line":164,"column":69}}},"27":{"name":"transferRegisterTokens","line":169,"loc":{"start":{"line":169,"column":4},"end":{"line":169,"column":58}}},"28":{"name":"transferBuyTokens","line":173,"loc":{"start":{"line":173,"column":4},"end":{"line":173,"column":82}}},"29":{"name":"transferAllTokens","line":180,"loc":{"start":{"line":180,"column":4},"end":{"line":180,"column":47}}},"30":{"name":"kill","line":184,"loc":{"start":{"line":184,"column":4},"end":{"line":184,"column":34}}}},"statementMap":{"1":{"start":{"line":29,"column":8},"end":{"line":29,"column":87}},"2":{"start":{"line":34,"column":8},"end":{"line":34,"column":90}},"3":{"start":{"line":39,"column":8},"end":{"line":39,"column":89}},"4":{"start":{"line":44,"column":8},"end":{"line":44,"column":84}},"5":{"start":{"line":49,"column":8},"end":{"line":49,"column":140}},"6":{"start":{"line":54,"column":8},"end":{"line":54,"column":45}},"7":{"start":{"line":62,"column":8},"end":{"line":62,"column":15}},"8":{"start":{"line":66,"column":8},"end":{"line":66,"column":35}},"9":{"start":{"line":67,"column":8},"end":{"line":67,"column":28}},"10":{"start":{"line":71,"column":8},"end":{"line":71,"column":37}},"11":{"start":{"line":73,"column":8},"end":{"line":73,"column":74}},"12":{"start":{"line":78,"column":8},"end":{"line":78,"column":81}},"13":{"start":{"line":82,"column":8},"end":{"line":82,"column":51}},"14":{"start":{"line":86,"column":8},"end":{"line":86,"column":54}},"15":{"start":{"line":90,"column":8},"end":{"line":90,"column":41}},"16":{"start":{"line":94,"column":8},"end":{"line":94,"column":70}},"17":{"start":{"line":95,"column":8},"end":{"line":95,"column":87}},"18":{"start":{"line":100,"column":8},"end":{"line":100,"column":90}},"19":{"start":{"line":104,"column":8},"end":{"line":104,"column":46}},"20":{"start":{"line":108,"column":8},"end":{"line":108,"column":54}},"21":{"start":{"line":112,"column":8},"end":{"line":112,"column":50}},"22":{"start":{"line":116,"column":8},"end":{"line":116,"column":52}},"23":{"start":{"line":121,"column":8},"end":{"line":121,"column":65}},"24":{"start":{"line":125,"column":8},"end":{"line":125,"column":68}},"25":{"start":{"line":126,"column":8},"end":{"line":126,"column":41}},"26":{"start":{"line":127,"column":8},"end":{"line":127,"column":34}},"27":{"start":{"line":131,"column":8},"end":{"line":131,"column":90}},"28":{"start":{"line":133,"column":8},"end":{"line":133,"column":58}},"29":{"start":{"line":134,"column":8},"end":{"line":134,"column":69}},"30":{"start":{"line":136,"column":8},"end":{"line":136,"column":111}},"31":{"start":{"line":140,"column":8},"end":{"line":140,"column":32}},"32":{"start":{"line":142,"column":8},"end":{"line":142,"column":5673}},"33":{"start":{"line":143,"column":12},"end":{"line":143,"column":43}},"34":{"start":{"line":144,"column":12},"end":{"line":144,"column":72}},"35":{"start":{"line":145,"column":15},"end":{"line":145,"column":5852}},"36":{"start":{"line":146,"column":12},"end":{"line":146,"column":37}},"37":{"start":{"line":147,"column":12},"end":{"line":147,"column":111}},"38":{"start":{"line":148,"column":15},"end":{"line":148,"column":6064}},"39":{"start":{"line":149,"column":12},"end":{"line":149,"column":37}},"40":{"start":{"line":150,"column":12},"end":{"line":150,"column":54}},"41":{"start":{"line":152,"column":12},"end":{"line":152,"column":19}},"42":{"start":{"line":157,"column":8},"end":{"line":157,"column":35}},"43":{"start":{"line":161,"column":8},"end":{"line":161,"column":27}},"44":{"start":{"line":165,"column":8},"end":{"line":165,"column":35}},"45":{"start":{"line":166,"column":8},"end":{"line":166,"column":46}},"46":{"start":{"line":170,"column":8},"end":{"line":170,"column":35}},"47":{"start":{"line":174,"column":8},"end":{"line":174,"column":50}},"48":{"start":{"line":176,"column":8},"end":{"line":176,"column":35}},"49":{"start":{"line":177,"column":8},"end":{"line":177,"column":35}},"50":{"start":{"line":181,"column":8},"end":{"line":181,"column":83}},"51":{"start":{"line":185,"column":8},"end":{"line":185,"column":26}},"52":{"start":{"line":186,"column":8},"end":{"line":186,"column":26}}},"branchMap":{"1":{"line":29,"type":"if","locations":[{"start":{"line":29,"column":8},"end":{"line":29,"column":8}},{"start":{"line":29,"column":8},"end":{"line":29,"column":8}}]},"2":{"line":34,"type":"if","locations":[{"start":{"line":34,"column":8},"end":{"line":34,"column":8}},{"start":{"line":34,"column":8},"end":{"line":34,"column":8}}]},"3":{"line":39,"type":"if","locations":[{"start":{"line":39,"column":8},"end":{"line":39,"column":8}},{"start":{"line":39,"column":8},"end":{"line":39,"column":8}}]},"4":{"line":44,"type":"if","locations":[{"start":{"line":44,"column":8},"end":{"line":44,"column":8}},{"start":{"line":44,"column":8},"end":{"line":44,"column":8}}]},"5":{"line":49,"type":"if","locations":[{"start":{"line":49,"column":8},"end":{"line":49,"column":8}},{"start":{"line":49,"column":8},"end":{"line":49,"column":8}}]},"6":{"line":54,"type":"if","locations":[{"start":{"line":54,"column":8},"end":{"line":54,"column":8}},{"start":{"line":54,"column":8},"end":{"line":54,"column":8}}]},"7":{"line":140,"type":"if","locations":[{"start":{"line":140,"column":8},"end":{"line":140,"column":8}},{"start":{"line":140,"column":8},"end":{"line":140,"column":8}}]},"8":{"line":142,"type":"if","locations":[{"start":{"line":142,"column":8},"end":{"line":142,"column":8}},{"start":{"line":142,"column":8},"end":{"line":142,"column":8}}]},"9":{"line":143,"type":"if","locations":[{"start":{"line":143,"column":12},"end":{"line":143,"column":12}},{"start":{"line":143,"column":12},"end":{"line":143,"column":12}}]},"10":{"line":145,"type":"if","locations":[{"start":{"line":145,"column":15},"end":{"line":145,"column":15}},{"start":{"line":145,"column":15},"end":{"line":145,"column":15}}]},"11":{"line":146,"type":"if","locations":[{"start":{"line":146,"column":12},"end":{"line":146,"column":12}},{"start":{"line":146,"column":12},"end":{"line":146,"column":12}}]},"12":{"line":148,"type":"if","locations":[{"start":{"line":148,"column":15},"end":{"line":148,"column":15}},{"start":{"line":148,"column":15},"end":{"line":148,"column":15}}]},"13":{"line":149,"type":"if","locations":[{"start":{"line":149,"column":12},"end":{"line":149,"column":12}},{"start":{"line":149,"column":12},"end":{"line":149,"column":12}}]}}},"contracts\\SkinCareToken.sol":{"l":{"20":44,"21":44,"22":44,"23":44,"24":44,"25":44,"29":1,"33":29,"37":51,"38":50,"39":50,"40":50,"44":1,"45":1,"46":1,"50":28,"51":27,"52":27,"53":27,"54":27,"58":1,"62":32,"63":32,"64":32,"65":26,"69":1,"73":1},"path":"D:/GitProjectsRoot/ProjectSolidity/truffle/project/contracts/SkinCareToken.sol","s":{"1":44,"2":44,"3":44,"4":44,"5":44,"6":44,"7":1,"8":29,"9":51,"10":50,"11":50,"12":50,"13":1,"14":1,"15":1,"16":28,"17":27,"18":27,"19":27,"20":27,"21":1,"22":32,"23":32,"24":32,"25":26,"26":1,"27":1},"b":{},"f":{"1":44,"2":1,"3":29,"4":51,"5":1,"6":28,"7":1,"8":32,"9":1,"10":1},"fnMap":{"1":{"name":null,"line":19,"loc":{"start":{"line":19,"column":4},"end":{"line":19,"column":22}}},"2":{"name":"totalSupply","line":28,"loc":{"start":{"line":28,"column":4},"end":{"line":28,"column":51}}},"3":{"name":"balanceOf","line":32,"loc":{"start":{"line":32,"column":4},"end":{"line":32,"column":75}}},"4":{"name":"transfer","line":36,"loc":{"start":{"line":36,"column":4},"end":{"line":36,"column":74}}},"5":{"name":"approve","line":43,"loc":{"start":{"line":43,"column":4},"end":{"line":43,"column":78}}},"6":{"name":"transferFrom","line":49,"loc":{"start":{"line":49,"column":4},"end":{"line":49,"column":92}}},"7":{"name":"allowance","line":57,"loc":{"start":{"line":57,"column":4},"end":{"line":57,"column":94}}},"8":{"name":"approveAndCall","line":61,"loc":{"start":{"line":61,"column":4},"end":{"line":61,"column":97}}},"9":{"name":"transferAnyERC20Token","line":68,"loc":{"start":{"line":68,"column":4},"end":{"line":68,"column":107}}},"10":{"name":null,"line":72,"loc":{"start":{"line":72,"column":4},"end":{"line":72,"column":28}}}},"statementMap":{"1":{"start":{"line":20,"column":8},"end":{"line":20,"column":21}},"2":{"start":{"line":21,"column":8},"end":{"line":21,"column":31}},"3":{"start":{"line":22,"column":8},"end":{"line":22,"column":19}},"4":{"start":{"line":23,"column":8},"end":{"line":23,"column":69}},"5":{"start":{"line":24,"column":8},"end":{"line":24,"column":37}},"6":{"start":{"line":25,"column":8},"end":{"line":25,"column":54}},"7":{"start":{"line":29,"column":8},"end":{"line":29,"column":53}},"8":{"start":{"line":33,"column":8},"end":{"line":33,"column":35}},"9":{"start":{"line":37,"column":8},"end":{"line":37,"column":62}},"10":{"start":{"line":38,"column":8},"end":{"line":38,"column":46}},"11":{"start":{"line":39,"column":8},"end":{"line":39,"column":45}},"12":{"start":{"line":40,"column":8},"end":{"line":40,"column":19}},"13":{"start":{"line":44,"column":8},"end":{"line":44,"column":44}},"14":{"start":{"line":45,"column":8},"end":{"line":45,"column":50}},"15":{"start":{"line":46,"column":8},"end":{"line":46,"column":19}},"16":{"start":{"line":50,"column":8},"end":{"line":50,"column":50}},"17":{"start":{"line":51,"column":8},"end":{"line":51,"column":72}},"18":{"start":{"line":52,"column":8},"end":{"line":52,"column":46}},"19":{"start":{"line":53,"column":8},"end":{"line":53,"column":39}},"20":{"start":{"line":54,"column":8},"end":{"line":54,"column":19}},"21":{"start":{"line":58,"column":8},"end":{"line":58,"column":43}},"22":{"start":{"line":62,"column":8},"end":{"line":62,"column":44}},"23":{"start":{"line":63,"column":8},"end":{"line":63,"column":50}},"24":{"start":{"line":64,"column":8},"end":{"line":64,"column":38}},"25":{"start":{"line":65,"column":8},"end":{"line":65,"column":19}},"26":{"start":{"line":69,"column":8},"end":{"line":69,"column":67}},"27":{"start":{"line":73,"column":8},"end":{"line":73,"column":15}}},"branchMap":{}}}