TN:
SF:D:/GitProjectsRoot/ProjectSolidity/truffle/project/contracts/ApproveAndCallFallBack.sol
FNF:0
FNH:0
LF:0
LH:0
BRF:0
BRH:0
end_of_record
TN:
SF:D:/GitProjectsRoot/ProjectSolidity/truffle/project/contracts/ERC20Interface.sol
FNF:0
FNH:0
LF:0
LH:0
BRF:0
BRH:0
end_of_record
TN:
SF:D:/GitProjectsRoot/ProjectSolidity/truffle/project/contracts/LibSkinCareMarketplace.sol
FN:39,getSellerId
FN:43,getSellerByAddress
FN:50,getSellerById
FN:56,getSellerIdByItemId
FN:62,getSellerAddressByItemId
FN:70,addSeller
FN:80,updateSeller
FN:84,getItem
FN:90,addItem
FN:102,updateItem
FN:110,getBuyerId
FN:114,getBuyerByAddress
FN:121,getBuyerById
FN:127,registerBuyer
FN:136,updateBuyer
FN:142,buy
FNF:16
FNH:16
FNDA:45,getSellerId
FNDA:16,getSellerByAddress
FNDA:3,getSellerById
FNDA:6,getSellerIdByItemId
FNDA:8,getSellerAddressByItemId
FNDA:20,addSeller
FNDA:1,updateSeller
FNDA:6,getItem
FNDA:14,addItem
FNDA:1,updateItem
FNDA:1,getBuyerId
FNDA:4,getBuyerByAddress
FNDA:1,getBuyerById
FNDA:7,registerBuyer
FNDA:1,updateBuyer
FNDA:7,buy
DA:40,45
DA:44,16
DA:45,16
DA:46,16
DA:47,16
DA:51,3
DA:52,3
DA:53,3
DA:57,6
DA:58,6
DA:59,6
DA:63,8
DA:64,8
DA:65,8
DA:66,8
DA:67,8
DA:71,20
DA:73,20
DA:75,20
DA:76,20
DA:77,20
DA:81,1
DA:85,6
DA:86,6
DA:87,6
DA:91,14
DA:93,14
DA:95,14
DA:96,14
DA:97,14
DA:99,14
DA:103,1
DA:105,1
DA:106,1
DA:107,1
DA:111,1
DA:115,4
DA:116,4
DA:117,4
DA:118,4
DA:122,1
DA:123,1
DA:124,1
DA:128,7
DA:130,7
DA:132,7
DA:133,7
DA:137,1
DA:138,1
DA:139,1
DA:143,7
DA:144,7
DA:146,7
DA:147,7
DA:149,6
DA:150,6
DA:152,6
DA:154,6
LF:58
LH:58
BRDA:46,1,0,16
BRDA:46,1,1,0
BRDA:52,2,0,3
BRDA:52,2,1,0
BRDA:58,3,0,6
BRDA:58,3,1,0
BRDA:64,4,0,8
BRDA:64,4,1,0
BRDA:66,5,0,8
BRDA:66,5,1,0
BRDA:73,6,0,20
BRDA:73,6,1,0
BRDA:86,7,0,6
BRDA:86,7,1,0
BRDA:93,8,0,14
BRDA:93,8,1,0
BRDA:117,9,0,4
BRDA:117,9,1,0
BRDA:123,10,0,1
BRDA:123,10,1,0
BRDA:130,11,0,7
BRDA:130,11,1,0
BRDA:138,12,0,1
BRDA:138,12,1,0
BRDA:144,13,0,7
BRDA:144,13,1,0
BRDA:147,14,0,6
BRDA:147,14,1,1
BRDA:150,15,0,6
BRDA:150,15,1,0
BRF:30
BRH:16
end_of_record
TN:
SF:D:/GitProjectsRoot/ProjectSolidity/truffle/project/contracts/Ownable.sol
FN:8,
FN:12,onlyOwner
FN:17,transferOwnership
FNF:3
FNH:3
FNDA:88,
FNDA:15,onlyOwner
FNDA:1,transferOwnership
DA:9,88
DA:13,15
DA:14,10
DA:18,1
DA:19,1
DA:20,1
LF:6
LH:6
BRDA:13,1,0,10
BRDA:13,1,1,5
BRDA:18,2,0,1
BRDA:18,2,1,0
BRF:4
BRH:3
end_of_record
TN:
SF:D:/GitProjectsRoot/ProjectSolidity/truffle/project/contracts/SafeMath.sol
FN:5,mul
FN:14,div
FN:19,sub
FN:24,add
FN:30,pow
FN:42,bytesToBytes
FN:52,bytesToBytes32
FNF:7
FNH:7
FNDA:53,mul
FNDA:15,div
FNDA:113,sub
FNDA:105,add
FNDA:46,pow
FNDA:28,bytesToBytes
FNDA:9,bytesToBytes32
DA:6,53
DA:7,1
DA:9,52
DA:10,52
DA:11,52
DA:15,15
DA:16,15
DA:20,113
DA:21,111
DA:25,105
DA:26,105
DA:27,105
DA:31,46
DA:32,1
DA:34,45
DA:35,1
DA:37,44
DA:38,44
DA:39,44
DA:43,28
DA:45,28
DA:46,28
DA:47,114
DA:49,28
DA:53,9
DA:54,9
DA:55,288
DA:57,9
LF:28
LH:28
BRDA:6,1,0,1
BRDA:6,1,1,52
BRDA:10,2,0,52
BRDA:10,2,1,0
BRDA:20,3,0,111
BRDA:20,3,1,2
BRDA:26,4,0,105
BRDA:26,4,1,0
BRDA:31,5,0,1
BRDA:31,5,1,45
BRDA:34,6,0,1
BRDA:34,6,1,44
BRDA:38,7,0,44
BRDA:38,7,1,0
BRDA:43,8,0,28
BRDA:43,8,1,0
BRF:16
BRH:12
end_of_record
TN:
SF:D:/GitProjectsRoot/ProjectSolidity/truffle/project/contracts/SafeMathTest.sol
FN:8,testSafeMath
FNF:1
FNH:1
FNDA:1,testSafeMath
DA:9,1
DA:11,1
DA:12,1
DA:14,1
DA:15,1
LF:5
LH:5
BRDA:11,1,0,1
BRDA:11,1,1,0
BRDA:12,2,0,1
BRDA:12,2,1,0
BRDA:15,3,0,1
BRDA:15,3,1,0
BRF:6
BRH:3
end_of_record
TN:
SF:D:/GitProjectsRoot/ProjectSolidity/truffle/project/contracts/SkinCareMarketplace.sol
FN:28,onlyNewSeller
FN:33,onlyExistingSeller
FN:38,onlyNewBuyer
FN:43,onlyExistingBuyer
FN:48,onlyExistingItem
FN:53,onlyToken
FN:61,
FN:65,
FN:70,addSeller
FN:76,updateSeller
FN:81,getSellerByAddress
FN:85,getSellerById
FN:89,getSellers
FN:93,addItem
FN:98,updateItem
FN:103,getItem
FN:107,getItems
FN:111,getBuyerByAddress
FN:115,getBuyer
FN:119,updateBuyer
FN:124,registerAndBuy
FN:130,buy
FN:139,receiveApproval
FN:156,setTokenAddress
FN:160,getTokenAddress
FN:164,transferTokens
FN:169,transferRegisterTokens
FN:173,transferBuyTokens
FN:180,transferAllTokens
FN:184,kill
FNF:30
FNH:30
FNDA:21,onlyNewSeller
FNDA:17,onlyExistingSeller
FNDA:7,onlyNewBuyer
FNDA:10,onlyExistingBuyer
FNDA:3,onlyExistingItem
FNDA:32,onlyToken
FNDA:1,
FNDA:44,
FNDA:20,addSeller
FNDA:1,updateSeller
FNDA:16,getSellerByAddress
FNDA:3,getSellerById
FNDA:4,getSellers
FNDA:14,addItem
FNDA:1,updateItem
FNDA:6,getItem
FNDA:13,getItems
FNDA:4,getBuyerByAddress
FNDA:1,getBuyer
FNDA:1,updateBuyer
FNDA:7,registerAndBuy
FNDA:8,buy
FNDA:32,receiveApproval
FNDA:1,setTokenAddress
FNDA:2,getTokenAddress
FNDA:4,transferTokens
FNDA:20,transferRegisterTokens
FNDA:8,transferBuyTokens
FNDA:2,transferAllTokens
FNDA:1,kill
DA:29,21
DA:30,20
DA:34,17
DA:35,15
DA:39,7
DA:40,7
DA:44,10
DA:45,9
DA:49,3
DA:50,1
DA:54,32
DA:55,32
DA:62,1
DA:66,44
DA:67,44
DA:71,20
DA:72,20
DA:73,20
DA:77,1
DA:78,1
DA:82,16
DA:86,3
DA:90,4
DA:94,14
DA:95,14
DA:99,1
DA:100,1
DA:104,6
DA:108,13
DA:112,4
DA:116,1
DA:120,1
DA:121,1
DA:125,7
DA:126,7
DA:127,7
DA:131,8
DA:133,7
DA:134,6
DA:136,6
DA:140,32
DA:142,31
DA:143,21
DA:144,21
DA:146,7
DA:147,7
DA:149,2
DA:150,2
DA:152,1
DA:157,1
DA:161,2
DA:165,4
DA:166,3
DA:170,20
DA:174,8
DA:176,8
DA:177,7
DA:181,2
DA:185,1
DA:186,1
LF:60
LH:60
BRDA:29,1,0,20
BRDA:29,1,1,1
BRDA:34,2,0,15
BRDA:34,2,1,2
BRDA:39,3,0,7
BRDA:39,3,1,0
BRDA:44,4,0,9
BRDA:44,4,1,1
BRDA:49,5,0,1
BRDA:49,5,1,2
BRDA:54,6,0,32
BRDA:54,6,1,0
BRDA:140,7,0,31
BRDA:140,7,1,1
BRDA:142,8,0,21
BRDA:142,8,1,10
BRDA:143,9,0,21
BRDA:143,9,1,0
BRDA:145,10,0,7
BRDA:145,10,1,3
BRDA:146,11,0,7
BRDA:146,11,1,0
BRDA:148,12,0,2
BRDA:148,12,1,1
BRDA:149,13,0,2
BRDA:149,13,1,0
BRF:26
BRH:21
end_of_record
TN:
SF:D:/GitProjectsRoot/ProjectSolidity/truffle/project/contracts/SkinCareToken.sol
FN:19,
FN:28,totalSupply
FN:32,balanceOf
FN:36,transfer
FN:43,approve
FN:49,transferFrom
FN:57,allowance
FN:61,approveAndCall
FN:68,transferAnyERC20Token
FN:72,
FNF:10
FNH:10
FNDA:44,
FNDA:1,totalSupply
FNDA:29,balanceOf
FNDA:51,transfer
FNDA:1,approve
FNDA:28,transferFrom
FNDA:1,allowance
FNDA:32,approveAndCall
FNDA:1,transferAnyERC20Token
FNDA:1,
DA:20,44
DA:21,44
DA:22,44
DA:23,44
DA:24,44
DA:25,44
DA:29,1
DA:33,29
DA:37,51
DA:38,50
DA:39,50
DA:40,50
DA:44,1
DA:45,1
DA:46,1
DA:50,28
DA:51,27
DA:52,27
DA:53,27
DA:54,27
DA:58,1
DA:62,32
DA:63,32
DA:64,32
DA:65,26
DA:69,1
DA:73,1
LF:27
LH:27
BRF:0
BRH:0
end_of_record
